# column   1     --> step : The current simulation time step.
# column   2     --> time : The elapsed simulation time.
# column   3     --> conserved : The value of the conserved energy quantity per bead.
# cols.    4-6   --> polarization : The (ensemble averaged) total polarization (cartesian axes).
# column   7     --> kinetic_md : The kinetic energy of the (extended) classical system.
# column   8     --> potential : The physical system potential energy.
# column   9     --> volume : The volume of the cell box.
    0.00000000e+00     0.00000000e+00     2.83733583e-01                nan              nan              nan   2.76412693e-01     0.00000000e+00     2.06191113e+03   
    1.00000000e+00     4.13413730e+01     2.83733583e-01                nan              nan              nan   2.76412693e-01     0.00000000e+00     2.06191113e+03   
    2.00000000e+00     8.26827460e+01     2.83733583e-01                nan              nan              nan   2.76412693e-01     0.00000000e+00     2.06191113e+03   
    3.00000000e+00     1.24024119e+02     2.83733583e-01                nan              nan              nan   2.76412693e-01     0.00000000e+00     2.06191113e+03   
    4.00000000e+00     1.65365492e+02     2.83733583e-01                nan              nan              nan   2.76412693e-01     0.00000000e+00     2.06191113e+03   
    5.00000000e+00     2.06706865e+02     2.83733583e-01                nan              nan              nan   2.76412693e-01     0.00000000e+00     2.06191113e+03   
    6.00000000e+00     2.48048238e+02     2.83733583e-01                nan              nan              nan   2.76412693e-01     0.00000000e+00     2.06191113e+03   
    7.00000000e+00     2.89389611e+02     2.83733583e-01                nan              nan              nan   2.76412693e-01     0.00000000e+00     2.06191113e+03   
    8.00000000e+00     3.30730984e+02     2.83733583e-01                nan              nan              nan   2.76412693e-01     0.00000000e+00     2.06191113e+03   
    9.00000000e+00     3.72072357e+02     2.83733583e-01                nan              nan              nan   2.76412693e-01     0.00000000e+00     2.06191113e+03   
    1.00000000e+01     4.13413730e+02     2.83733583e-01                nan              nan              nan   2.76412693e-01     0.00000000e+00     2.06191113e+03   
    1.10000000e+01     4.54755103e+02     2.83733583e-01                nan              nan              nan   2.76412693e-01     0.00000000e+00     2.06191113e+03   
    1.20000000e+01     4.96096476e+02     2.83733583e-01                nan              nan              nan   2.76412693e-01     0.00000000e+00     2.06191113e+03   
    1.30000000e+01     5.37437849e+02     2.83733583e-01                nan              nan              nan   2.76412693e-01     0.00000000e+00     2.06191113e+03   
    1.40000000e+01     5.78779222e+02     2.83733583e-01                nan              nan              nan   2.76412693e-01     0.00000000e+00     2.06191113e+03   
    1.50000000e+01     6.20120595e+02     2.83733583e-01                nan              nan              nan   2.76412693e-01     0.00000000e+00     2.06191113e+03   
    1.60000000e+01     6.61461968e+02     2.83733583e-01                nan              nan              nan   2.76412693e-01     0.00000000e+00     2.06191113e+03   
    1.70000000e+01     7.02803341e+02     2.83733583e-01                nan              nan              nan   2.76412693e-01     0.00000000e+00     2.06191113e+03   
    1.80000000e+01     7.44144714e+02     2.83733583e-01                nan              nan              nan   2.76412693e-01     0.00000000e+00     2.06191113e+03   
    1.90000000e+01     7.85486087e+02     2.83733583e-01                nan              nan              nan   2.76412693e-01     0.00000000e+00     2.06191113e+03   
    2.00000000e+01     8.26827460e+02     2.83733583e-01                nan              nan              nan   2.76412693e-01     0.00000000e+00     2.06191113e+03   
    2.10000000e+01     8.68168833e+02     2.83733583e-01                nan              nan              nan   2.76412693e-01     0.00000000e+00     2.06191113e+03   
    2.20000000e+01     9.09510206e+02     2.83733583e-01                nan              nan              nan   2.76412693e-01     0.00000000e+00     2.06191113e+03   
    2.30000000e+01     9.50851579e+02     2.83733583e-01                nan              nan              nan   2.76412693e-01     0.00000000e+00     2.06191113e+03   
    2.40000000e+01     9.92192952e+02     2.83733583e-01                nan              nan              nan   2.76412693e-01     0.00000000e+00     2.06191113e+03   
    2.50000000e+01     1.03353432e+03     2.83733583e-01                nan              nan              nan   2.76412693e-01     0.00000000e+00     2.06191113e+03   
    2.60000000e+01     1.07487570e+03     2.83733583e-01                nan              nan              nan   2.76412693e-01     0.00000000e+00     2.06191113e+03   
    2.70000000e+01     1.11621707e+03     2.83733583e-01                nan              nan              nan   2.76412693e-01     0.00000000e+00     2.06191113e+03   
    2.80000000e+01     1.15755844e+03     2.83733583e-01                nan              nan              nan   2.76412693e-01     0.00000000e+00     2.06191113e+03   
    2.90000000e+01     1.19889982e+03     2.83733583e-01                nan              nan              nan   2.76412693e-01     0.00000000e+00     2.06191113e+03   
    3.00000000e+01     1.24024119e+03     2.83733583e-01                nan              nan              nan   2.76412693e-01     0.00000000e+00     2.06191113e+03   
    3.10000000e+01     1.28158256e+03     2.83733583e-01                nan              nan              nan   2.76412693e-01     0.00000000e+00     2.06191113e+03   
    3.20000000e+01     1.32292394e+03     2.83733583e-01                nan              nan              nan   2.76412693e-01     0.00000000e+00     2.06191113e+03   
    3.30000000e+01     1.36426531e+03     2.83733583e-01                nan              nan              nan   2.76412693e-01     0.00000000e+00     2.06191113e+03   
    3.40000000e+01     1.40560668e+03     2.83733583e-01                nan              nan              nan   2.76412693e-01     0.00000000e+00     2.06191113e+03   
    3.50000000e+01     1.44694805e+03     2.83733583e-01                nan              nan              nan   2.76412693e-01     0.00000000e+00     2.06191113e+03   
    3.60000000e+01     1.48828943e+03     2.83733583e-01                nan              nan              nan   2.76412693e-01     0.00000000e+00     2.06191113e+03   
